<?xml version="1.0" encoding="UTF-8"?>
<!-- Generated by org.testng.reporters.JUnitReportReporter -->
<testsuite hostname="LIN66014227" failures="0" tests="1" name="testpackage.Ex29_HandleImage" time="11.319" errors="0" timestamp="2021-11-15T12:48:37 IST" skipped="0">
  <testcase classname="testpackage.Ex29_HandleImage" name="test01" time="11.319"/>
  <system-out/>
</testsuite> <!-- testpackage.Ex29_HandleImage -->
